This is pdfTeX, Version 3.14159265-2.6-1.40.17 (TeX Live 2016/Debian) (preloaded format=pdflatex 2018.11.22)  24 NOV 2018 10:46
entering extended mode
 restricted \write18 enabled.
 %&-line parsing enabled.
**/home/oleg/code_blocks_projects/c_diff/save
(/home/oleg/code_blocks_projects/c_diff/save.tex
LaTeX2e <2017/01/01> patch level 3
Babel <3.9r> and hyphenation patterns for 83 language(s) loaded.

! LaTeX Error: Missing \begin{document}.

See the LaTeX manual or LaTeX Companion for explanation.
Type  H <return>  for immediate help.
 ...                                              
                                                  
l.1 \frac{1}{({x})\cdot(ln(2))}
                                
Here is how much of TeX's memory you used:
 7 strings out of 493013
 370 string characters out of 6135681
 53759 words of memory out of 5000000
 3649 multiletter control sequences out of 15000+600000
 3640 words of font info for 14 fonts, out of 8000000 for 9000
 1141 hyphenation exceptions out of 8191
 6i,0n,6p,73b,18s stack positions out of 5000i,500n,10000p,200000b,80000s

!  ==> Fatal error occurred, no output PDF file produced!
